<?xml version="1.0" encoding="UTF-8"?>
<robot generator="Robot 3.1.2 (Python 3.7.6 on win32)" generated="20200207 16:39:44.105" rpa="false">
<suite id="s1" name="Excel3" source="C:\Test_Jkins\test\Excel3.robot">
<test id="s1-t1" name="TC001 Obtener valores de Excel">
<kw name="Abrir setup" library="recursos" type="setup">
<arguments>
<arg>${url}</arg>
<arg>chrome</arg>
</arguments>
<kw name="Abrir navegador" library="recursos">
<arguments>
<arg>${url}</arg>
<arg>${nav}</arg>
</arguments>
<kw name="Open Browser" library="SeleniumLibrary">
<doc>Opens a new browser instance to the optional ``url``.</doc>
<arguments>
<arg>${arg1}</arg>
<arg>${arg2}</arg>
</arguments>
<msg timestamp="20200207 16:39:44.904" level="INFO">Opening browser 'chrome' to base url 'https://thetestingworld.com/'.</msg>
<status status="PASS" starttime="20200207 16:39:44.904" endtime="20200207 16:39:51.589"></status>
</kw>
<status status="PASS" starttime="20200207 16:39:44.889" endtime="20200207 16:39:51.589"></status>
</kw>
<kw name="Maximizar" library="recursos">
<kw name="Maximize Browser Window" library="SeleniumLibrary">
<doc>Maximizes current browser window.</doc>
<status status="PASS" starttime="20200207 16:39:51.589" endtime="20200207 16:39:52.707"></status>
</kw>
<status status="PASS" starttime="20200207 16:39:51.589" endtime="20200207 16:39:52.707"></status>
</kw>
<status status="PASS" starttime="20200207 16:39:44.889" endtime="20200207 16:39:52.707"></status>
</kw>
<kw name="Click" library="recursos">
<arguments>
<arg>//a[@href='/index.php?option=com_users&amp;view=registration&amp;Itemid=588']</arg>
</arguments>
<kw name="Click Element" library="SeleniumLibrary">
<doc>Click the element identified by ``locator``.</doc>
<arguments>
<arg>xpath=${arg1}</arg>
</arguments>
<msg timestamp="20200207 16:39:52.708" level="INFO">Clicking element 'xpath=//a[@href='/index.php?option=com_users&amp;view=registration&amp;Itemid=588']'.</msg>
<status status="PASS" starttime="20200207 16:39:52.708" endtime="20200207 16:39:54.125"></status>
</kw>
<status status="PASS" starttime="20200207 16:39:52.708" endtime="20200207 16:39:54.125"></status>
</kw>
<kw name="Texto" library="recursos">
<arguments>
<arg>(//input[@type='text'])[1]</arg>
<arg>rodrigo</arg>
</arguments>
<kw name="Input Text" library="SeleniumLibrary">
<doc>Types the given ``text`` into the text field identified by ``locator``.</doc>
<arguments>
<arg>xpath=${arg1}</arg>
<arg>${arg2}</arg>
</arguments>
<msg timestamp="20200207 16:39:54.126" level="INFO">Typing text 'rodrigo' into text field 'xpath=(//input[@type='text'])[1]'.</msg>
<status status="PASS" starttime="20200207 16:39:54.126" endtime="20200207 16:39:54.245"></status>
</kw>
<status status="PASS" starttime="20200207 16:39:54.126" endtime="20200207 16:39:54.245"></status>
</kw>
<kw name="Texto" library="recursos">
<arguments>
<arg>(//input[@type='text'])[2]</arg>
<arg>villanueva</arg>
</arguments>
<kw name="Input Text" library="SeleniumLibrary">
<doc>Types the given ``text`` into the text field identified by ``locator``.</doc>
<arguments>
<arg>xpath=${arg1}</arg>
<arg>${arg2}</arg>
</arguments>
<msg timestamp="20200207 16:39:54.246" level="INFO">Typing text 'villanueva' into text field 'xpath=(//input[@type='text'])[2]'.</msg>
<status status="PASS" starttime="20200207 16:39:54.245" endtime="20200207 16:39:54.351"></status>
</kw>
<status status="PASS" starttime="20200207 16:39:54.245" endtime="20200207 16:39:54.352"></status>
</kw>
<kw name="Texto" library="recursos">
<arguments>
<arg>(//input[@type='password'])[]</arg>
<arg>Documentation</arg>
</arguments>
<kw name="Input Text" library="SeleniumLibrary">
<doc>Types the given ``text`` into the text field identified by ``locator``.</doc>
<arguments>
<arg>xpath=${arg1}</arg>
<arg>${arg2}</arg>
</arguments>
<msg timestamp="20200207 16:39:54.353" level="INFO">Typing text 'Documentation' into text field 'xpath=(//input[@type='password'])[]'.</msg>
<kw name="Capture Page Screenshot" library="SeleniumLibrary">
<doc>Takes a screenshot of the current page and embeds it into a log file.</doc>
<msg timestamp="20200207 16:39:54.746" level="INFO" html="yes">&lt;/td&gt;&lt;/tr&gt;&lt;tr&gt;&lt;td colspan="3"&gt;&lt;a href="selenium-screenshot-1.png"&gt;&lt;img src="selenium-screenshot-1.png" width="800px"&gt;&lt;/a&gt;</msg>
<status status="PASS" starttime="20200207 16:39:54.371" endtime="20200207 16:39:54.746"></status>
</kw>
<msg timestamp="20200207 16:39:54.748" level="FAIL">InvalidSelectorException: Message: invalid selector: Unable to locate an element with the xpath expression (//input[@type='password'])[] because of the following error:
SyntaxError: Failed to execute 'evaluate' on 'Document': The string '(//input[@type='password'])[]' is not a valid XPath expression.
  (Session info: chrome=80.0.3987.87)
</msg>
<status status="FAIL" starttime="20200207 16:39:54.352" endtime="20200207 16:39:54.748"></status>
</kw>
<status status="FAIL" starttime="20200207 16:39:54.352" endtime="20200207 16:39:54.748"></status>
</kw>
<kw name="Cerrar setup" library="recursos" type="teardown">
<kw name="Cerrar Todos" library="recursos">
<kw name="Dormir" library="recursos">
<arguments>
<arg>.5</arg>
</arguments>
<kw name="Sleep" library="BuiltIn">
<doc>Pauses the test executed for the given time.</doc>
<arguments>
<arg>${arg1}</arg>
</arguments>
<msg timestamp="20200207 16:39:55.254" level="INFO">Slept 500 milliseconds</msg>
<status status="PASS" starttime="20200207 16:39:54.750" endtime="20200207 16:39:55.254"></status>
</kw>
<status status="PASS" starttime="20200207 16:39:54.749" endtime="20200207 16:39:55.254"></status>
</kw>
<kw name="Close All Browsers" library="SeleniumLibrary">
<doc>Closes all open browsers and resets the browser cache.</doc>
<status status="PASS" starttime="20200207 16:39:55.254" endtime="20200207 16:39:57.373"></status>
</kw>
<status status="PASS" starttime="20200207 16:39:54.749" endtime="20200207 16:39:57.373"></status>
</kw>
<status status="PASS" starttime="20200207 16:39:54.749" endtime="20200207 16:39:57.373"></status>
</kw>
<doc>Obtener valores de Excel DOS</doc>
<tags>
<tag>CasoUno</tag>
</tags>
<status status="FAIL" starttime="20200207 16:39:44.889" endtime="20200207 16:39:57.373" critical="yes">InvalidSelectorException: Message: invalid selector: Unable to locate an element with the xpath expression (//input[@type='password'])[] because of the following error:
SyntaxError: Failed to execute 'evaluate' on 'Document': The string '(//input[@type='password'])[]' is not a valid XPath expression.
  (Session info: chrome=80.0.3987.87)
</status>
</test>
<status status="FAIL" starttime="20200207 16:39:44.107" endtime="20200207 16:39:57.373"></status>
</suite>
<statistics>
<total>
<stat pass="0" fail="1">Critical Tests</stat>
<stat pass="0" fail="1">All Tests</stat>
</total>
<tag>
<stat pass="0" fail="1">CasoUno</stat>
</tag>
<suite>
<stat pass="0" fail="1" id="s1" name="Excel3">Excel3</stat>
</suite>
</statistics>
<errors>
</errors>
</robot>
